[2023-04-19 16:27:20.974] [INFO ] [main] com.springboot.hello.HelloApplication Starting HelloApplication using Java 17.0.6 with PID 22044 (C:\Users\dhdgn\Desktop\study\spring\springboot-study\hello\build\classes\java\main started by dhdgn in C:\Users\dhdgn\Desktop\study\spring\springboot-study\hello)
[2023-04-19 16:27:20.977] [INFO ] [main] com.springboot.hello.HelloApplication No active profile set, falling back to 1 default profile: "default"
[2023-04-19 16:27:22.013] [INFO ] [main] org.springframework.boot.web.embedded.tomcat.TomcatWebServer Tomcat initialized with port(s): 8080 (http)
[2023-04-19 16:27:22.023] [INFO ] [main] org.apache.coyote.http11.Http11NioProtocol Initializing ProtocolHandler ["http-nio-8080"]
[2023-04-19 16:27:22.032] [INFO ] [main] org.apache.catalina.core.StandardService Starting service [Tomcat]
[2023-04-19 16:27:22.033] [INFO ] [main] org.apache.catalina.core.StandardEngine Starting Servlet engine: [Apache Tomcat/10.1.7]
[2023-04-19 16:27:22.148] [INFO ] [main] org.apache.catalina.core.ContainerBase.[Tomcat].[localhost].[/] Initializing Spring embedded WebApplicationContext
[2023-04-19 16:27:22.150] [INFO ] [main] org.springframework.boot.web.servlet.context.ServletWebServerApplicationContext Root WebApplicationContext: initialization completed in 1125 ms
[2023-04-19 16:27:23.050] [INFO ] [main] org.apache.coyote.http11.Http11NioProtocol Starting ProtocolHandler ["http-nio-8080"]
[2023-04-19 16:27:23.076] [INFO ] [main] org.springframework.boot.web.embedded.tomcat.TomcatWebServer Tomcat started on port(s): 8080 (http) with context path ''
[2023-04-19 16:27:23.085] [INFO ] [main] com.springboot.hello.HelloApplication Started HelloApplication in 2.627 seconds (process running for 3.002)
[2023-04-19 16:27:45.282] [INFO ] [http-nio-8080-exec-1] org.apache.catalina.core.ContainerBase.[Tomcat].[localhost].[/] Initializing Spring DispatcherServlet 'dispatcherServlet'
[2023-04-19 16:27:45.282] [INFO ] [http-nio-8080-exec-1] org.springframework.web.servlet.DispatcherServlet Initializing Servlet 'dispatcherServlet'
[2023-04-19 16:27:45.283] [INFO ] [http-nio-8080-exec-1] org.springframework.web.servlet.DispatcherServlet Completed initialization in 1 ms
[2023-04-19 16:30:18.755] [INFO ] [main] com.springboot.hello.HelloApplication Starting HelloApplication using Java 17.0.6 with PID 18320 (C:\Users\dhdgn\Desktop\study\spring\springboot-study\hello\build\classes\java\main started by dhdgn in C:\Users\dhdgn\Desktop\study\spring\springboot-study\hello)
[2023-04-19 16:30:18.757] [INFO ] [main] com.springboot.hello.HelloApplication No active profile set, falling back to 1 default profile: "default"
[2023-04-19 16:30:19.824] [INFO ] [main] org.springframework.boot.web.embedded.tomcat.TomcatWebServer Tomcat initialized with port(s): 8080 (http)
[2023-04-19 16:30:19.834] [INFO ] [main] org.apache.coyote.http11.Http11NioProtocol Initializing ProtocolHandler ["http-nio-8080"]
[2023-04-19 16:30:19.835] [INFO ] [main] org.apache.catalina.core.StandardService Starting service [Tomcat]
[2023-04-19 16:30:19.835] [INFO ] [main] org.apache.catalina.core.StandardEngine Starting Servlet engine: [Apache Tomcat/10.1.7]
[2023-04-19 16:30:19.961] [INFO ] [main] org.apache.catalina.core.ContainerBase.[Tomcat].[localhost].[/] Initializing Spring embedded WebApplicationContext
[2023-04-19 16:30:19.962] [INFO ] [main] org.springframework.boot.web.servlet.context.ServletWebServerApplicationContext Root WebApplicationContext: initialization completed in 1158 ms
[2023-04-19 16:30:20.880] [INFO ] [main] org.apache.coyote.http11.Http11NioProtocol Starting ProtocolHandler ["http-nio-8080"]
[2023-04-19 16:30:20.914] [INFO ] [main] org.springframework.boot.web.embedded.tomcat.TomcatWebServer Tomcat started on port(s): 8080 (http) with context path ''
[2023-04-19 16:30:20.924] [INFO ] [main] com.springboot.hello.HelloApplication Started HelloApplication in 2.662 seconds (process running for 2.994)
[2023-04-19 16:30:21.773] [INFO ] [http-nio-8080-exec-1] org.apache.catalina.core.ContainerBase.[Tomcat].[localhost].[/] Initializing Spring DispatcherServlet 'dispatcherServlet'
[2023-04-19 16:30:21.774] [INFO ] [http-nio-8080-exec-1] org.springframework.web.servlet.DispatcherServlet Initializing Servlet 'dispatcherServlet'
[2023-04-19 16:30:21.775] [INFO ] [http-nio-8080-exec-1] org.springframework.web.servlet.DispatcherServlet Completed initialization in 1 ms
[2023-04-19 16:30:21.800] [INFO ] [http-nio-8080-exec-1] com.springboot.hello.controller.HelloController hello
[2023-04-19 16:30:41.131] [INFO ] [http-nio-8080-exec-2] com.springboot.hello.controller.HelloController hello
[2023-04-19 16:30:46.148] [INFO ] [http-nio-8080-exec-3] com.springboot.hello.controller.HelloController hello
[2023-04-19 16:30:46.793] [INFO ] [http-nio-8080-exec-4] com.springboot.hello.controller.HelloController hello
[2023-04-19 16:30:47.294] [INFO ] [http-nio-8080-exec-5] com.springboot.hello.controller.HelloController hello
[2023-04-19 16:30:47.446] [INFO ] [http-nio-8080-exec-6] com.springboot.hello.controller.HelloController hello
[2023-04-19 16:30:47.606] [INFO ] [http-nio-8080-exec-7] com.springboot.hello.controller.HelloController hello
[2023-04-19 16:30:47.744] [INFO ] [http-nio-8080-exec-8] com.springboot.hello.controller.HelloController hello
[2023-04-19 16:30:47.888] [INFO ] [http-nio-8080-exec-9] com.springboot.hello.controller.HelloController hello
[2023-04-19 16:30:48.035] [INFO ] [http-nio-8080-exec-10] com.springboot.hello.controller.HelloController hello
[2023-04-19 16:30:48.187] [INFO ] [http-nio-8080-exec-1] com.springboot.hello.controller.HelloController hello
[2023-04-19 16:30:48.325] [INFO ] [http-nio-8080-exec-2] com.springboot.hello.controller.HelloController hello
[2023-04-19 16:30:48.481] [INFO ] [http-nio-8080-exec-3] com.springboot.hello.controller.HelloController hello
[2023-04-19 16:30:48.641] [INFO ] [http-nio-8080-exec-4] com.springboot.hello.controller.HelloController hello
[2023-04-19 16:30:48.790] [INFO ] [http-nio-8080-exec-5] com.springboot.hello.controller.HelloController hello
[2023-04-19 16:30:48.948] [INFO ] [http-nio-8080-exec-6] com.springboot.hello.controller.HelloController hello
[2023-04-19 16:30:49.109] [INFO ] [http-nio-8080-exec-7] com.springboot.hello.controller.HelloController hello
[2023-04-19 16:30:49.284] [INFO ] [http-nio-8080-exec-8] com.springboot.hello.controller.HelloController hello
[2023-04-19 16:31:29.405] [INFO ] [http-nio-8080-exec-10] com.springboot.hello.controller.HelloController hello
[2023-04-19 16:31:37.344] [INFO ] [http-nio-8080-exec-1] com.springboot.hello.controller.HelloController hello
[2023-04-19 16:31:59.042] [INFO ] [http-nio-8080-exec-2] com.springboot.hello.controller.HelloController hello
